{"contracts/LOVI.sol":{"l":{"72":6,"73":6,"74":6,"75":6,"76":6,"77":6,"78":6,"79":6,"87":2,"93":0,"102":3,"103":2,"104":2,"111":1,"117":1,"124":1,"130":1,"139":12,"140":12,"141":7,"154":16,"155":12,"156":12,"157":12,"158":7,"159":7,"160":7,"161":10,"162":10,"163":10,"164":9,"165":9,"166":1,"177":9,"186":0},"path":"/Users/souravsuman/Documents/Personal/Hackathon/R NFT/contracts/LOVI.sol","s":{"1":6,"2":2,"3":0,"4":3,"5":1,"6":12,"7":12,"8":7,"9":16,"10":12,"11":12,"12":12,"13":7,"14":7,"15":10,"16":10,"17":10,"18":9,"19":9,"20":9,"21":0},"b":{"1":[3,1],"2":[2,1],"3":[1,1],"4":[1,1],"5":[1,1],"6":[1,1],"7":[12,0],"8":[7,5],"9":[2,5],"10":[16,0],"11":[12,4],"12":[12,0],"13":[9,1],"14":[1,8]},"f":{"1":6,"2":2,"3":0,"4":3,"5":1,"6":1,"7":1,"8":1,"9":12,"10":16,"11":9,"12":0},"fnMap":{"1":{"name":"constructor","line":71,"loc":{"start":{"line":71,"column":4},"end":{"line":80,"column":4}}},"2":{"name":"maxSupply","line":86,"loc":{"start":{"line":86,"column":4},"end":{"line":88,"column":4}}},"3":{"name":"_baseURI","line":92,"loc":{"start":{"line":92,"column":4},"end":{"line":94,"column":4}}},"4":{"name":"changeBaseURI","line":101,"loc":{"start":{"line":101,"column":4},"end":{"line":105,"column":4}}},"5":{"name":"updateTreasury","line":110,"loc":{"start":{"line":110,"column":4},"end":{"line":112,"column":4}}},"6":{"name":"updateMintingFees","line":116,"loc":{"start":{"line":116,"column":4},"end":{"line":118,"column":4}}},"7":{"name":"updateRoyalty","line":123,"loc":{"start":{"line":123,"column":4},"end":{"line":125,"column":4}}},"8":{"name":"setContractURI","line":129,"loc":{"start":{"line":129,"column":4},"end":{"line":131,"column":4}}},"9":{"name":"checkEligiblity","line":138,"loc":{"start":{"line":138,"column":4},"end":{"line":143,"column":4}}},"10":{"name":"safeMint","line":153,"loc":{"start":{"line":153,"column":4},"end":{"line":169,"column":4}}},"11":{"name":"_beforeTokenTransfer","line":173,"loc":{"start":{"line":173,"column":4},"end":{"line":178,"column":4}}},"12":{"name":"supportsInterface","line":180,"loc":{"start":{"line":180,"column":4},"end":{"line":187,"column":4}}}},"statementMap":{"1":{"start":{"line":75,"column":8},"end":{"line":75,"column":50}},"2":{"start":{"line":87,"column":8},"end":{"line":87,"column":19}},"3":{"start":{"line":93,"column":8},"end":{"line":93,"column":22}},"4":{"start":{"line":102,"column":8},"end":{"line":102,"column":45}},"5":{"start":{"line":124,"column":8},"end":{"line":124,"column":57}},"6":{"start":{"line":139,"column":8},"end":{"line":139,"column":69}},"7":{"start":{"line":140,"column":8},"end":{"line":140,"column":5645}},"8":{"start":{"line":141,"column":12},"end":{"line":141,"column":136}},"9":{"start":{"line":154,"column":8},"end":{"line":154,"column":83}},"10":{"start":{"line":155,"column":8},"end":{"line":155,"column":45}},"11":{"start":{"line":156,"column":8},"end":{"line":156,"column":54}},"12":{"start":{"line":157,"column":8},"end":{"line":157,"column":35}},"13":{"start":{"line":159,"column":8},"end":{"line":159,"column":42}},"14":{"start":{"line":160,"column":8},"end":{"line":160,"column":6846}},"15":{"start":{"line":161,"column":12},"end":{"line":161,"column":55}},"16":{"start":{"line":162,"column":12},"end":{"line":162,"column":38}},"17":{"start":{"line":163,"column":12},"end":{"line":163,"column":56}},"18":{"start":{"line":164,"column":12},"end":{"line":164,"column":33}},"19":{"start":{"line":165,"column":12},"end":{"line":165,"column":7090}},"20":{"start":{"line":177,"column":8},"end":{"line":177,"column":63}},"21":{"start":{"line":186,"column":8},"end":{"line":186,"column":51}}},"branchMap":{"1":{"line":101,"type":"if","locations":[{"start":{"line":101,"column":81},"end":{"line":101,"column":81}},{"start":{"line":101,"column":81},"end":{"line":101,"column":81}}]},"2":{"line":102,"type":"if","locations":[{"start":{"line":102,"column":8},"end":{"line":102,"column":8}},{"start":{"line":102,"column":8},"end":{"line":102,"column":8}}]},"3":{"line":110,"type":"if","locations":[{"start":{"line":110,"column":62},"end":{"line":110,"column":62}},{"start":{"line":110,"column":62},"end":{"line":110,"column":62}}]},"4":{"line":116,"type":"if","locations":[{"start":{"line":116,"column":49},"end":{"line":116,"column":49}},{"start":{"line":116,"column":49},"end":{"line":116,"column":49}}]},"5":{"line":123,"type":"if","locations":[{"start":{"line":123,"column":81},"end":{"line":123,"column":81}},{"start":{"line":123,"column":81},"end":{"line":123,"column":81}}]},"6":{"line":129,"type":"if","locations":[{"start":{"line":129,"column":65},"end":{"line":129,"column":65}},{"start":{"line":129,"column":65},"end":{"line":129,"column":65}}]},"7":{"line":139,"type":"if","locations":[{"start":{"line":139,"column":8},"end":{"line":139,"column":8}},{"start":{"line":139,"column":8},"end":{"line":139,"column":8}}]},"8":{"line":140,"type":"if","locations":[{"start":{"line":140,"column":8},"end":{"line":140,"column":8}},{"start":{"line":140,"column":8},"end":{"line":140,"column":8}}]},"9":{"line":141,"type":"if","locations":[{"start":{"line":141,"column":12},"end":{"line":141,"column":12}},{"start":{"line":141,"column":12},"end":{"line":141,"column":12}}]},"10":{"line":153,"type":"if","locations":[{"start":{"line":153,"column":94},"end":{"line":153,"column":94}},{"start":{"line":153,"column":94},"end":{"line":153,"column":94}}]},"11":{"line":154,"type":"if","locations":[{"start":{"line":154,"column":8},"end":{"line":154,"column":8}},{"start":{"line":154,"column":8},"end":{"line":154,"column":8}}]},"12":{"line":156,"type":"if","locations":[{"start":{"line":156,"column":8},"end":{"line":156,"column":8}},{"start":{"line":156,"column":8},"end":{"line":156,"column":8}}]},"13":{"line":163,"type":"if","locations":[{"start":{"line":163,"column":12},"end":{"line":163,"column":12}},{"start":{"line":163,"column":12},"end":{"line":163,"column":12}}]},"14":{"line":165,"type":"if","locations":[{"start":{"line":165,"column":12},"end":{"line":165,"column":12}},{"start":{"line":165,"column":12},"end":{"line":165,"column":12}}]}}}}